<?xml version="1.0" encoding="UTF-8"?>
<!-- Generated by org.testng.reporters.JUnitXMLReporter -->
<testsuite hostname="JAFRA" name="Test" tests="3" failures="0" timestamp="6 Mar 2020 03:25:18 GMT" time="73.706" errors="0">
  <testcase name="alllinksTest" time="24.46" classname="Amazon.ClickOnLeftArrowRightArrow"/>
  <testcase name="TestAustralia" time="7.507" classname="Amazon.FooterValidation"/>
  <testcase name="TestBrazil" time="19.03" classname="Amazon.FooterValidation"/>
</testsuite> <!-- Test -->
